Arguments: 
  /usr/local/bin/node /usr/local/bin/yarn serve

PATH: 
  /bin:/usr/bin:/usr/local/bin

Yarn version: 
  1.22.19

Node version: 
  16.14.2

Platform: 
  linux x64

Trace: 
  SyntaxError: /home/projects/vue2-vue-cli-vehisg/package.json: Expected ',' or ']' after array element in JSON at position 1273
      at JSON.parse (<anonymous>)
      at eval (file:///usr/local/lib/node_modules/yarn/dist/yarn.js:1397:57)
      at Generator.next (<anonymous>)
      at step (file:///usr/local/lib/node_modules/yarn/dist/yarn.js:309:30)
      at eval (file:///usr/local/lib/node_modules/yarn/dist/yarn.js:320:13)

npm manifest: 
  {
    "name": "vue2-starter",
    "version": "0.0.1",
    "private": true,
    "scripts": {
      "serve": "vue-cli-service serve"
    },
    "devDependencies": {
      "@mdi/font": "^7.1.96",
      "@vue/cli-plugin-babel": "~4.5.0",
      "@vue/cli-plugin-eslint": "~4.5.0",
      "@vue/cli-service": "^4.5.13",
      "babel-eslint": "^10.1.0",
      "eslint": "^6.8.0",
      "eslint-plugin-vue": "^6.2.2",
      "sass": "^1.27.0",
      "sass-loader": "^10.1.1"
    },
    "dependencies": {
      "@vue/composition-api": "^1.0.0-rc.11",
      "ag-grid-community": "^28.2.1",
      "ag-grid-vue": "^28.2.1",
      "install": "^0.13.0",
      "vue": "^2.6.14",
      "vue-property-decorator": "^8.5.1",
      "vue-template-babel-compiler": "^2.0.0",
      "vue-template-compiler": "^2.7.14",
      "vuetify": "^2.4.0",
      "vuetify-loader": "^1.9.2",
      "vuex": "^3.5.1",
      "vuex-pathify": "^1.4.5"
    },
    "eslintConfig": {
      "root": true,
      "env": {
        "node": true
      },
      "extends": [
        "plugin:vue/essential",
        "eslint:recommended"
      ],
      "parserOptions": {
        "parser": "babel-eslint"
      },
      "rules": {
        "no-unused-vars": [
          "warn",
          { 
            "argsIgnorePattern": "^_",
            "varsIgnorePattern": "^_",
            "caughtErrorsIgnorePattern": "^_"
          }
      }
    },
    "browserslist": [
      "> 1%",
      "last 2 versions",
      "not dead"
    ]
  }

yarn manifest: 
  No manifest

Lockfile: 
  No lockfile
